This is pdfTeX, Version 3.1415926-2.5-1.40.14 (TeX Live 2013/Debian) (format=pdflatex 2014.10.17)  21 NOV 2014 11:20
entering extended mode
 restricted \write18 enabled.
 %&-line parsing enabled.
**Doc_DynaFeds.tex
(./Doc_DynaFeds.tex
LaTeX2e <2011/06/27>
Babel <3.9h> and hyphenation patterns for 6 languages loaded.
(/usr/share/texlive/texmf-dist/tex/latex/base/article.cls
Document Class: article 2007/10/19 v1.4h Standard LaTeX document class
(/usr/share/texlive/texmf-dist/tex/latex/base/size12.clo
File: size12.clo 2007/10/19 v1.4h Standard LaTeX file (size option)
)
\c@part=\count79
\c@section=\count80
\c@subsection=\count81
\c@subsubsection=\count82
\c@paragraph=\count83
\c@subparagraph=\count84
\c@figure=\count85
\c@table=\count86
\abovecaptionskip=\skip41
\belowcaptionskip=\skip42
\bibindent=\dimen102
)
(/usr/share/texlive/texmf-dist/tex/latex/geometry/geometry.sty
Package: geometry 2010/09/12 v5.6 Page Geometry

(/usr/share/texlive/texmf-dist/tex/latex/graphics/keyval.sty
Package: keyval 1999/03/16 v1.13 key=value parser (DPC)
\KV@toks@=\toks14
)
(/usr/share/texlive/texmf-dist/tex/generic/oberdiek/ifpdf.sty
Package: ifpdf 2011/01/30 v2.3 Provides the ifpdf switch (HO)
Package ifpdf Info: pdfTeX in PDF mode is detected.
)
(/usr/share/texlive/texmf-dist/tex/generic/oberdiek/ifvtex.sty
Package: ifvtex 2010/03/01 v1.5 Detect VTeX and its facilities (HO)
Package ifvtex Info: VTeX not detected.
)
(/usr/share/texlive/texmf-dist/tex/generic/ifxetex/ifxetex.sty
Package: ifxetex 2010/09/12 v0.6 Provides ifxetex conditional
)
\Gm@cnth=\count87
\Gm@cntv=\count88
\c@Gm@tempcnt=\count89
\Gm@bindingoffset=\dimen103
\Gm@wd@mp=\dimen104
\Gm@odd@mp=\dimen105
\Gm@even@mp=\dimen106
\Gm@layoutwidth=\dimen107
\Gm@layoutheight=\dimen108
\Gm@layouthoffset=\dimen109
\Gm@layoutvoffset=\dimen110
\Gm@dimlist=\toks15
)
(/usr/share/texlive/texmf-dist/tex/latex/graphics/graphicx.sty
Package: graphicx 1999/02/16 v1.0f Enhanced LaTeX Graphics (DPC,SPQR)

(/usr/share/texlive/texmf-dist/tex/latex/graphics/graphics.sty
Package: graphics 2009/02/05 v1.0o Standard LaTeX Graphics (DPC,SPQR)

(/usr/share/texlive/texmf-dist/tex/latex/graphics/trig.sty
Package: trig 1999/03/16 v1.09 sin cos tan (DPC)
)
(/usr/share/texlive/texmf-dist/tex/latex/latexconfig/graphics.cfg
File: graphics.cfg 2010/04/23 v1.9 graphics configuration of TeX Live
)
Package graphics Info: Driver file: pdftex.def on input line 91.

(/usr/share/texlive/texmf-dist/tex/latex/pdftex-def/pdftex.def
File: pdftex.def 2011/05/27 v0.06d Graphics/color for pdfTeX

(/usr/share/texlive/texmf-dist/tex/generic/oberdiek/infwarerr.sty
Package: infwarerr 2010/04/08 v1.3 Providing info/warning/error messages (HO)
)
(/usr/share/texlive/texmf-dist/tex/generic/oberdiek/ltxcmds.sty
Package: ltxcmds 2011/11/09 v1.22 LaTeX kernel commands for general use (HO)
)
\Gread@gobject=\count90
))
\Gin@req@height=\dimen111
\Gin@req@width=\dimen112
)
(/usr/share/texlive/texmf-dist/tex/latex/listings/listings.sty
\lst@mode=\count91
\lst@gtempboxa=\box26
\lst@token=\toks16
\lst@length=\count92
\lst@currlwidth=\dimen113
\lst@column=\count93
\lst@pos=\count94
\lst@lostspace=\dimen114
\lst@width=\dimen115
\lst@newlines=\count95
\lst@lineno=\count96
\lst@maxwidth=\dimen116

(/usr/share/texlive/texmf-dist/tex/latex/listings/lstmisc.sty
File: lstmisc.sty 2013/08/26 1.5b (Carsten Heinz)
\c@lstnumber=\count97
\lst@skipnumbers=\count98
\lst@framebox=\box27
)
(/usr/share/texlive/texmf-dist/tex/latex/listings/listings.cfg
File: listings.cfg 2013/08/26 1.5b listings configuration
))
Package: listings 2013/08/26 1.5b (Carsten Heinz)

(/usr/share/texlive/texmf-dist/tex/latex/float/float.sty
Package: float 2001/11/08 v1.3d Float enhancements (AL)
\c@float@type=\count99
\float@exts=\toks17
\float@box=\box28
\@float@everytoks=\toks18
\@floatcapt=\box29
)
(/usr/share/texlive/texmf-dist/tex/latex/wrapfig/wrapfig.sty
\wrapoverhang=\dimen117
\WF@size=\dimen118
\c@WF@wrappedlines=\count100
\WF@box=\box30
\WF@everypar=\toks19
Package: wrapfig 2003/01/31  v 3.6
)
(/usr/share/texlive/texmf-dist/tex/latex/graphics/color.sty
Package: color 2005/11/14 v1.0j Standard LaTeX Color (DPC)

(/usr/share/texlive/texmf-dist/tex/latex/latexconfig/color.cfg
File: color.cfg 2007/01/18 v1.5 color configuration of teTeX/TeXLive
)
Package color Info: Driver file: pdftex.def on input line 130.
)
(/usr/share/texlive/texmf-dist/tex/latex/listings/lstlang1.sty
File: lstlang1.sty 2013/08/26 1.5b listings language file
)
(./Doc_DynaFeds.aux)
\openout1 = `Doc_DynaFeds.aux'.

LaTeX Font Info:    Checking defaults for OML/cmm/m/it on input line 61.
LaTeX Font Info:    ... okay on input line 61.
LaTeX Font Info:    Checking defaults for T1/cmr/m/n on input line 61.
LaTeX Font Info:    ... okay on input line 61.
LaTeX Font Info:    Checking defaults for OT1/cmr/m/n on input line 61.
LaTeX Font Info:    ... okay on input line 61.
LaTeX Font Info:    Checking defaults for OMS/cmsy/m/n on input line 61.
LaTeX Font Info:    ... okay on input line 61.
LaTeX Font Info:    Checking defaults for OMX/cmex/m/n on input line 61.
LaTeX Font Info:    ... okay on input line 61.
LaTeX Font Info:    Checking defaults for U/cmr/m/n on input line 61.
LaTeX Font Info:    ... okay on input line 61.

*geometry* driver: auto-detecting
*geometry* detected driver: pdftex
*geometry* verbose mode - [ preamble ] result:
* driver: pdftex
* paper: a4paper
* layout: <same size as paper>
* layoutoffset:(h,v)=(0.0pt,0.0pt)
* modes: 
* h-part:(L,W,R)=(89.62709pt, 418.25368pt, 89.6271pt)
* v-part:(T,H,B)=(101.40665pt, 591.5302pt, 152.11pt)
* \paperwidth=597.50787pt
* \paperheight=845.04684pt
* \textwidth=418.25368pt
* \textheight=591.5302pt
* \oddsidemargin=17.3571pt
* \evensidemargin=17.3571pt
* \topmargin=-7.86334pt
* \headheight=12.0pt
* \headsep=25.0pt
* \topskip=12.0pt
* \footskip=30.0pt
* \marginparwidth=44.0pt
* \marginparsep=10.0pt
* \columnsep=10.0pt
* \skip\footins=10.8pt plus 4.0pt minus 2.0pt
* \hoffset=0.0pt
* \voffset=0.0pt
* \mag=1000
* \@twocolumnfalse
* \@twosidefalse
* \@mparswitchfalse
* \@reversemarginfalse
* (1in=72.27pt=25.4mm, 1cm=28.453pt)

(/usr/share/texlive/texmf-dist/tex/context/base/supp-pdf.mkii
[Loading MPS to PDF converter (version 2006.09.02).]
\scratchcounter=\count101
\scratchdimen=\dimen119
\scratchbox=\box31
\nofMPsegments=\count102
\nofMParguments=\count103
\everyMPshowfont=\toks20
\MPscratchCnt=\count104
\MPscratchDim=\dimen120
\MPnumerator=\count105
\makeMPintoPDFobject=\count106
\everyMPtoPDFconversion=\toks21
) (/usr/share/texlive/texmf-dist/tex/generic/oberdiek/pdftexcmds.sty
Package: pdftexcmds 2011/11/29 v0.20 Utility functions of pdfTeX for LuaTeX (HO
)

(/usr/share/texlive/texmf-dist/tex/generic/oberdiek/ifluatex.sty
Package: ifluatex 2010/03/01 v1.3 Provides the ifluatex switch (HO)
Package ifluatex Info: LuaTeX not detected.
)
Package pdftexcmds Info: LuaTeX not detected.
Package pdftexcmds Info: \pdf@primitive is available.
Package pdftexcmds Info: \pdf@ifprimitive is available.
Package pdftexcmds Info: \pdfdraftmode found.
)
(/usr/share/texlive/texmf-dist/tex/latex/oberdiek/epstopdf-base.sty
Package: epstopdf-base 2010/02/09 v2.5 Base part for package epstopdf

(/usr/share/texlive/texmf-dist/tex/latex/oberdiek/grfext.sty
Package: grfext 2010/08/19 v1.1 Manage graphics extensions (HO)

(/usr/share/texlive/texmf-dist/tex/generic/oberdiek/kvdefinekeys.sty
Package: kvdefinekeys 2011/04/07 v1.3 Define keys (HO)
))
(/usr/share/texlive/texmf-dist/tex/latex/oberdiek/kvoptions.sty
Package: kvoptions 2011/06/30 v3.11 Key value format for package options (HO)

(/usr/share/texlive/texmf-dist/tex/generic/oberdiek/kvsetkeys.sty
Package: kvsetkeys 2012/04/25 v1.16 Key value parser (HO)

(/usr/share/texlive/texmf-dist/tex/generic/oberdiek/etexcmds.sty
Package: etexcmds 2011/02/16 v1.5 Avoid name clashes with e-TeX commands (HO)
Package etexcmds Info: Could not find \expanded.
(etexcmds)             That can mean that you are not using pdfTeX 1.50 or
(etexcmds)             that some package has redefined \expanded.
(etexcmds)             In the latter case, load this package earlier.
)))
Package grfext Info: Graphics extension search list:
(grfext)             [.png,.pdf,.jpg,.mps,.jpeg,.jbig2,.jb2,.PNG,.PDF,.JPG,.JPE
G,.JBIG2,.JB2,.eps]
(grfext)             \AppendGraphicsExtensions on input line 452.

(/usr/share/texlive/texmf-dist/tex/latex/latexconfig/epstopdf-sys.cfg
File: epstopdf-sys.cfg 2010/07/13 v1.3 Configuration of (r)epstopdf for TeX Liv
e
))
\c@lstlisting=\count107
LaTeX Font Info:    External font `cmex10' loaded for size
(Font)              <12> on input line 87.
LaTeX Font Info:    External font `cmex10' loaded for size
(Font)              <8> on input line 87.
LaTeX Font Info:    External font `cmex10' loaded for size
(Font)              <6> on input line 87.

[1

{/var/lib/texmf/fonts/map/pdftex/updmap/pdftex.map}] (./Doc_DynaFeds.toc
[1]
! Missing $ inserted.
<inserted text> 
                $
l.61 ...ne {6.9.1}locplugin.$<$ID$>$.priv_key}{37}
                                                  
I've inserted a begin-math/end-math symbol since I think
you left one out. Proceed, with fingers crossed.

! Extra }, or forgotten $.
\@dottedtocline ...\nobreak \hskip -\leftskip {#4}
                                                  \nobreak \leaders \hbox {$...
l.61 ...ne {6.9.1}locplugin.$<$ID$>$.priv_key}{37}
                                                  
I've deleted a group-closing symbol because it seems to be
spurious, as in `$x}$'. But perhaps the } is legitimate and
you forgot something else, as in `\hbox{$x}'. In such cases
the way to recover is to insert both the forgotten and the
deleted material, e.g., by typing `I$}'.

! Missing $ inserted.
<inserted text> 
                $
l.61 ...ne {6.9.1}locplugin.$<$ID$>$.priv_key}{37}
                                                  
I've inserted a begin-math/end-math symbol since I think
you left one out. Proceed, with fingers crossed.

! Missing $ inserted.
<inserted text> 
                $
l.62 ...ine {6.9.2}locplugin.$<$ID$>$.pub_key}{38}
                                                  
I've inserted a begin-math/end-math symbol since I think
you left one out. Proceed, with fingers crossed.

! Extra }, or forgotten $.
\@dottedtocline ...\nobreak \hskip -\leftskip {#4}
                                                  \nobreak \leaders \hbox {$...
l.62 ...ine {6.9.2}locplugin.$<$ID$>$.pub_key}{38}
                                                  
I've deleted a group-closing symbol because it seems to be
spurious, as in `$x}$'. But perhaps the } is legitimate and
you forgot something else, as in `\hbox{$x}'. In such cases
the way to recover is to insert both the forgotten and the
deleted material, e.g., by typing `I$}'.

! Missing $ inserted.
<inserted text> 
                $
l.62 ...ine {6.9.2}locplugin.$<$ID$>$.pub_key}{38}
                                                  
I've inserted a begin-math/end-math symbol since I think
you left one out. Proceed, with fingers crossed.

[2])
\tf@toc=\write3
\openout3 = `Doc_DynaFeds.toc'.


! Missing } inserted.
<inserted text> 
                }
l.110 \tableofcontents
                       % Include a table of contents
I've inserted something that you may have forgotten.
(See the <inserted text> above.)
With luck, this will get me unwedged. But if you
really didn't forget anything, try typing `2' now; then
my insertion and my current dilemma will both disappear.

! Missing } inserted.
<inserted text> 
                }
l.110 \tableofcontents
                       % Include a table of contents
I've inserted something that you may have forgotten.
(See the <inserted text> above.)
With luck, this will get me unwedged. But if you
really didn't forget anything, try typing `2' now; then
my insertion and my current dilemma will both disappear.

[3]
Missing character: There is no ‚ in font cmr12!
Missing character: There is no Ä in font cmr12!
Missing character: There is no ú in font cmr12!
Missing character: There is no ‚ in font cmr12!
Missing character: There is no Ä in font cmr12!
Missing character: There is no ù in font cmr12!
 [4]
Package epstopdf Info: Source file: <./Pictures/diagram-principle.eps>
(epstopdf)                    date: 2014-10-17 14:50:41
(epstopdf)                    size: 319970 bytes
(epstopdf)             Output file: <./Pictures/diagram-principle-eps-converted
-to.pdf>
(epstopdf)                    date: 2014-11-21 10:32:38
(epstopdf)                    size: 96469 bytes
(epstopdf)             Command: <repstopdf --outfile=./Pictures/diagram-princip
le-eps-converted-to.pdf ./Pictures/diagram-principle.eps>
(epstopdf)             \includegraphics on input line 148.
Package epstopdf Info: Output file is already uptodate.

<./Pictures/diagram-principle-eps-converted-to.pdf, id=26, 2164.085pt x 1465.47
5pt>
File: ./Pictures/diagram-principle-eps-converted-to.pdf Graphic file (type pdf)

 <use ./Pictures/diagram-principle-eps-converted-to.pdf>
Package pdftex.def Info: ./Pictures/diagram-principle-eps-converted-to.pdf used
 on input line 148.
(pdftex.def)             Requested size: 336.0pt x 227.52641pt.
 [5]
Underfull \hbox (badness 10000) in paragraph at lines 155--156

 []

LaTeX Font Info:    Try loading font information for OMS+cmr on input line 159.

(/usr/share/texlive/texmf-dist/tex/latex/base/omscmr.fd
File: omscmr.fd 1999/05/25 v2.5h Standard LaTeX font definitions
)
LaTeX Font Info:    Font shape `OMS/cmr/m/n' in size <12> not available
(Font)              Font shape `OMS/cmsy/m/n' tried instead on input line 159.
 [6 <./Pictures/diagram-principle-eps-converted-to.pdf>]
Underfull \hbox (badness 10000) in paragraph at lines 163--164

 []


Underfull \hbox (badness 10000) in paragraph at lines 165--166

 []


Underfull \hbox (badness 10000) in paragraph at lines 167--168

 []


Underfull \hbox (badness 10000) in paragraph at lines 174--175

 []

[7]
Underfull \hbox (badness 10000) in paragraph at lines 176--178

 []


Underfull \hbox (badness 10000) in paragraph at lines 188--192

 []

[8]
Missing character: There is no ‚ in font cmr12!
Missing character: There is no Ä in font cmr12!
Missing character: There is no ô in font cmr12!

Underfull \hbox (badness 10000) in paragraph at lines 201--203

 []

[9]
Overfull \hbox (4.60176pt too wide) in paragraph at lines 210--213
\OT1/cmr/m/n/12 Another worth men-tion-ing point is that also con-nect-ing na-t
ively to an LFC database
 []

[10] [11]
Underfull \hbox (badness 10000) in paragraph at lines 243--245

 []

[12]
Underfull \hbox (badness 10000) in paragraph at lines 246--248

 []

[13]
Package epstopdf Info: Source file: <./Pictures/dynafeds.eps>
(epstopdf)                    date: 2014-10-17 14:50:41
(epstopdf)                    size: 23358858 bytes
(epstopdf)             Output file: <./Pictures/dynafeds-eps-converted-to.pdf>
(epstopdf)                    date: 2014-11-21 10:32:46
(epstopdf)                    size: 1284449 bytes
(epstopdf)             Command: <repstopdf --outfile=./Pictures/dynafeds-eps-co
nverted-to.pdf ./Pictures/dynafeds.eps>
(epstopdf)             \includegraphics on input line 265.
Package epstopdf Info: Output file is already uptodate.
 <./Pictures/dynafeds-eps-converted-to.pdf, id=59, 1027.84pt x 770.88pt>
File: ./Pictures/dynafeds-eps-converted-to.pdf Graphic file (type pdf)

<use ./Pictures/dynafeds-eps-converted-to.pdf>
Package pdftex.def Info: ./Pictures/dynafeds-eps-converted-to.pdf used on input
 line 265.
(pdftex.def)             Requested size: 336.0pt x 252.00337pt.

Underfull \hbox (badness 10000) in paragraph at lines 272--273

 []


Underfull \hbox (badness 10000) in paragraph at lines 274--276

 []


Underfull \hbox (badness 10000) in paragraph at lines 277--278

 []

[14 <./Pictures/dynafeds-eps-converted-to.pdf>]
Package epstopdf Info: Source file: <./Pictures/collab1.eps>
(epstopdf)                    date: 2014-10-17 14:50:41
(epstopdf)                    size: 231625 bytes
(epstopdf)             Output file: <./Pictures/collab1-eps-converted-to.pdf>
(epstopdf)                    date: 2014-11-21 10:32:47
(epstopdf)                    size: 93557 bytes
(epstopdf)             Command: <repstopdf --outfile=./Pictures/collab1-eps-con
verted-to.pdf ./Pictures/collab1.eps>
(epstopdf)             \includegraphics on input line 283.
Package epstopdf Info: Output file is already uptodate.

<./Pictures/collab1-eps-converted-to.pdf, id=66, 1487.5575pt x 1184.425pt>
File: ./Pictures/collab1-eps-converted-to.pdf Graphic file (type pdf)

<use ./Pictures/collab1-eps-converted-to.pdf>
Package pdftex.def Info: ./Pictures/collab1-eps-converted-to.pdf used on input 
line 283.
(pdftex.def)             Requested size: 336.0pt x 267.53235pt.

Underfull \hbox (badness 10000) in paragraph at lines 290--291

 []

[15 <./Pictures/collab1-eps-converted-to.pdf>]
Underfull \hbox (badness 10000) in paragraph at lines 292--293

 []


Underfull \hbox (badness 10000) in paragraph at lines 294--295

 []

Package epstopdf Info: Source file: <./Pictures/collab1_locations.eps>
(epstopdf)                    date: 2014-10-17 14:50:41
(epstopdf)                    size: 246166 bytes
(epstopdf)             Output file: <./Pictures/collab1_locations-eps-converted
-to.pdf>
(epstopdf)                    date: 2014-11-21 10:32:47
(epstopdf)                    size: 98517 bytes
(epstopdf)             Command: <repstopdf --outfile=./Pictures/collab1_locatio
ns-eps-converted-to.pdf ./Pictures/collab1_locations.eps>
(epstopdf)             \includegraphics on input line 300.
Package epstopdf Info: Output file is already uptodate.

<./Pictures/collab1_locations-eps-converted-to.pdf, id=72, 1524.69624pt x 1210.
5225pt>
File: ./Pictures/collab1_locations-eps-converted-to.pdf Graphic file (type pdf)

 <use ./Pictures/collab1_locations-eps-converted-to.pdf>
Package pdftex.def Info: ./Pictures/collab1_locations-eps-converted-to.pdf used
 on input line 300.
(pdftex.def)             Requested size: 336.0pt x 266.75908pt.

Underfull \hbox (badness 10000) in paragraph at lines 308--309

 []


Underfull \hbox (badness 10000) in paragraph at lines 310--311

 []


Underfull \hbox (badness 10000) in paragraph at lines 312--313

 []


Underfull \hbox (badness 10000) in paragraph at lines 314--315

 []

[16] [17 <./Pictures/collab1_locations-eps-converted-to.pdf>]
Underfull \hbox (badness 10000) in paragraph at lines 316--317

 []

Package epstopdf Info: Source file: <./Pictures/cache.eps>
(epstopdf)                    date: 2014-10-17 14:50:41
(epstopdf)                    size: 663595 bytes
(epstopdf)             Output file: <./Pictures/cache-eps-converted-to.pdf>
(epstopdf)                    date: 2014-11-21 10:32:48
(epstopdf)                    size: 271351 bytes
(epstopdf)             Command: <repstopdf --outfile=./Pictures/cache-eps-conve
rted-to.pdf ./Pictures/cache.eps>
(epstopdf)             \includegraphics on input line 320.
Package epstopdf Info: Output file is already uptodate.
<./Pictures/cache-eps-converted-to.pdf, id=81, 505.89pt x 219.82124pt>
File: ./Pictures/cache-eps-converted-to.pdf Graphic file (type pdf)

<use ./Pictures/cache-eps-converted-to.pdf>
Package pdftex.def Info: ./Pictures/cache-eps-converted-to.pdf used on input li
ne 320.
(pdftex.def)             Requested size: 432.0pt x 187.71767pt.

Overfull \hbox (13.74632pt too wide) in paragraph at lines 320--321
 [] 
 []


Underfull \hbox (badness 10000) in paragraph at lines 328--330

 []


Underfull \hbox (badness 10000) in paragraph at lines 331--332

 []


Underfull \hbox (badness 10000) in paragraph at lines 333--334

 []

[18 <./Pictures/cache-eps-converted-to.pdf>]
Underfull \hbox (badness 10000) in paragraph at lines 335--336

 []


Underfull \hbox (badness 10000) in paragraph at lines 341--342

 []


Underfull \hbox (badness 10000) in paragraph at lines 343--344

 []

Package epstopdf Info: Source file: <./Pictures/n2n.eps>
(epstopdf)                    date: 2014-10-17 14:50:41
(epstopdf)                    size: 483475 bytes
(epstopdf)             Output file: <./Pictures/n2n-eps-converted-to.pdf>
(epstopdf)                    date: 2014-11-21 10:32:48
(epstopdf)                    size: 199272 bytes
(epstopdf)             Command: <repstopdf --outfile=./Pictures/n2n-eps-convert
ed-to.pdf ./Pictures/n2n.eps>
(epstopdf)             \includegraphics on input line 351.
Package epstopdf Info: Output file is already uptodate.
<./Pictures/n2n-eps-converted-to.pdf, id=89, 521.95pt x 155.58125pt>
File: ./Pictures/n2n-eps-converted-to.pdf Graphic file (type pdf)

<use ./Pictures/n2n-eps-converted-to.pdf>
Package pdftex.def Info: ./Pictures/n2n-eps-converted-to.pdf used on input line
 351.
(pdftex.def)             Requested size: 432.0pt x 128.77155pt.

Overfull \hbox (13.74632pt too wide) in paragraph at lines 351--352
 [] 
 []

[19 <./Pictures/n2n-eps-converted-to.pdf>]
Package epstopdf Info: Source file: <./Pictures/fullconfig.eps>
(epstopdf)                    date: 2014-10-17 14:50:41
(epstopdf)                    size: 508109 bytes
(epstopdf)             Output file: <./Pictures/fullconfig-eps-converted-to.pdf
>
(epstopdf)                    date: 2014-11-21 10:32:49
(epstopdf)                    size: 193258 bytes
(epstopdf)             Command: <repstopdf --outfile=./Pictures/fullconfig-eps-
converted-to.pdf ./Pictures/fullconfig.eps>
(epstopdf)             \includegraphics on input line 378.
Package epstopdf Info: Output file is already uptodate.

<./Pictures/fullconfig-eps-converted-to.pdf, id=95, 519.9425pt x 635.37375pt>
File: ./Pictures/fullconfig-eps-converted-to.pdf Graphic file (type pdf)

<use ./Pictures/fullconfig-eps-converted-to.pdf>
Package pdftex.def Info: ./Pictures/fullconfig-eps-converted-to.pdf used on inp
ut line 378.
(pdftex.def)             Requested size: 360.0pt x 439.92078pt.

Underfull \hbox (badness 10000) in paragraph at lines 390--391

 []

[20] [21 <./Pictures/fullconfig-eps-converted-to.pdf>]
Underfull \hbox (badness 10000) in paragraph at lines 392--393

 []


Underfull \hbox (badness 10000) in paragraph at lines 394--395

 []


Underfull \hbox (badness 10000) in paragraph at lines 396--398

 []


Underfull \hbox (badness 10000) in paragraph at lines 405--406

 []


Underfull \hbox (badness 10000) in paragraph at lines 407--408

 []


Underfull \hbox (badness 10000) in paragraph at lines 409--410

 []


Underfull \hbox (badness 10000) in paragraph at lines 411--413

 []


Underfull \hbox (badness 10000) in paragraph at lines 411--413

 []


Underfull \hbox (badness 10000) in paragraph at lines 414--415

 []

[22]
Underfull \hbox (badness 10000) in paragraph at lines 424--425

 []


Underfull \hbox (badness 10000) in paragraph at lines 426--427

 []


Underfull \hbox (badness 10000) in paragraph at lines 428--431

 []


Underfull \hbox (badness 10000) in paragraph at lines 434--435

 []


Underfull \hbox (badness 10000) in paragraph at lines 436--437

 []


Underfull \hbox (badness 10000) in paragraph at lines 438--439

 []

[23]
Overfull \hbox (52.89369pt too wide) in paragraph at lines 470--479
\OT1/cmr/m/n/12 Sort all the repli-cas in as-cend-ing ge-o-graph-i-cal dis-tanc
e from the client. [][][][][]
 []

[24]
Underfull \hbox (badness 10000) in paragraph at lines 491--494

 []

[25]
Underfull \hbox (badness 10000) in paragraph at lines 521--522

 []


Underfull \hbox (badness 10000) in paragraph at lines 523--524

 []


Underfull \hbox (badness 10000) in paragraph at lines 527--528

 []


Underfull \hbox (badness 10000) in paragraph at lines 529--530

 []


Underfull \hbox (badness 10000) in paragraph at lines 531--532

 []


Underfull \hbox (badness 10000) in paragraph at lines 538--539

 []


Underfull \hbox (badness 10000) in paragraph at lines 543--544

 []

[26]
Underfull \hbox (badness 10000) in paragraph at lines 545--546

 []


Underfull \hbox (badness 10000) in paragraph at lines 547--548

 []


Underfull \hbox (badness 10000) in paragraph at lines 549--550

 []


Underfull \hbox (badness 10000) in paragraph at lines 551--552

 []


Underfull \hbox (badness 10000) in paragraph at lines 553--554

 []


Underfull \hbox (badness 10000) in paragraph at lines 560--561

 []


Overfull \hbox (13.27666pt too wide) in paragraph at lines 562--563
[][][][][][][][][][][][][][][][][][][][][][] 
 []


Underfull \hbox (badness 10000) in paragraph at lines 562--563

 []


Overfull \hbox (19.11937pt too wide) in paragraph at lines 570--571
[]\OT1/cmr/m/n/12 configure a slave plu-gin named [][][] that man-ages the end-
point [][][][][][][],
 []

[27]
Underfull \hbox (badness 10000) in paragraph at lines 576--577

 []


Underfull \hbox (badness 10000) in paragraph at lines 578--580

 []


Underfull \hbox (badness 10000) in paragraph at lines 581--583

 []


Underfull \hbox (badness 10000) in paragraph at lines 588--590

 []


Underfull \hbox (badness 10000) in paragraph at lines 591--592

 []

[28]
Underfull \hbox (badness 10000) in paragraph at lines 595--596

 []


Underfull \hbox (badness 10000) in paragraph at lines 599--600

 []


Underfull \hbox (badness 10000) in paragraph at lines 601--603

 []


Underfull \hbox (badness 10000) in paragraph at lines 604--605

 []


Underfull \hbox (badness 10000) in paragraph at lines 606--607

 []


Underfull \hbox (badness 10000) in paragraph at lines 608--609

 []


Underfull \hbox (badness 10000) in paragraph at lines 612--613

 []


Overfull \hbox (28.61678pt too wide) in paragraph at lines 617--621
[][][][][][][][][][][][][][][][][][][][][][][][][] \OT1/cmr/m/n/12 would
 []

[29]
Underfull \hbox (badness 10000) in paragraph at lines 632--635

 []

[30]
Underfull \hbox (badness 10000) in paragraph at lines 668--669

 []


Underfull \hbox (badness 10000) in paragraph at lines 670--671

 []


Underfull \hbox (badness 10000) in paragraph at lines 672--673

 []


Underfull \hbox (badness 10000) in paragraph at lines 674--675

 []


Underfull \hbox (badness 10000) in paragraph at lines 679--683

 []

[31]
Underfull \hbox (badness 10000) in paragraph at lines 685--689

 []


Underfull \hbox (badness 10000) in paragraph at lines 696--700

 []


Underfull \hbox (badness 10000) in paragraph at lines 702--706

 []


Underfull \hbox (badness 10000) in paragraph at lines 708--712

 []

[32]
Underfull \hbox (badness 10000) in paragraph at lines 716--717

 []


Overfull \hbox (7.14922pt too wide) in paragraph at lines 718--722
[][][][][][][][][][][][][][][][][][][][][][][][][][][]
 []


Overfull \hbox (25.95332pt too wide) in paragraph at lines 718--722
\OT1/cmr/m/n/12 or [][][][][][][][][][][][][][][][][][][][][][][][][][][]
 []


Underfull \hbox (badness 10000) in paragraph at lines 726--727

 []


Overfull \hbox (30.14397pt too wide) in paragraph at lines 728--730
[][][][][][][][][][][][][][][][][][][][]
 []


Underfull \hbox (badness 10000) in paragraph at lines 728--730

 []


Underfull \hbox (badness 10000) in paragraph at lines 728--730

 []


Underfull \hbox (badness 10000) in paragraph at lines 731--732

 []


Underfull \hbox (badness 10000) in paragraph at lines 733--735

 []

[33]
Underfull \hbox (badness 10000) in paragraph at lines 736--738

 []


Underfull \hbox (badness 10000) in paragraph at lines 742--746

 []


Underfull \hbox (badness 10000) in paragraph at lines 747--751

 []


Underfull \hbox (badness 10000) in paragraph at lines 752--756

 []


Underfull \hbox (badness 10000) in paragraph at lines 757--761

 []

[34]
Underfull \hbox (badness 10000) in paragraph at lines 762--766

 []


Underfull \hbox (badness 10000) in paragraph at lines 767--771

 []


Underfull \hbox (badness 10000) in paragraph at lines 772--777

 []


Underfull \hbox (badness 10000) in paragraph at lines 778--782

 []

[35]
Underfull \hbox (badness 10000) in paragraph at lines 783--787

 []

LaTeX Font Info:    Font shape `OT1/cmtt/bx/n' in size <10.95> not available
(Font)              Font shape `OT1/cmtt/m/n' tried instead on input line 790.

Underfull \hbox (badness 10000) in paragraph at lines 788--792

 []


Underfull \hbox (badness 10000) in paragraph at lines 793--797

 []


Underfull \hbox (badness 10000) in paragraph at lines 798--802

 []

[36]
Underfull \hbox (badness 10000) in paragraph at lines 803--809

 []


Underfull \hbox (badness 10000) in paragraph at lines 816--818

 []


Underfull \hbox (badness 10000) in paragraph at lines 822--824

 []

[37]
Underfull \hbox (badness 10000) in paragraph at lines 829--831

 []


Underfull \hbox (badness 10000) in paragraph at lines 833--836

 []


Overfull \hbox (35.89265pt too wide) in paragraph at lines 837--839
[][][][][][][][][][][][][][][][][][][][][][][][][][][]
 []


Underfull \hbox (badness 10000) in paragraph at lines 837--839

 []


Underfull \hbox (badness 10000) in paragraph at lines 849--852

 []

[38]
Underfull \hbox (badness 10000) in paragraph at lines 856--857

 []


Underfull \hbox (badness 10000) in paragraph at lines 861--862

 []


Underfull \hbox (badness 10000) in paragraph at lines 863--864

 []

[39]
Underfull \hbox (badness 10000) in paragraph at lines 893--894

 []


Underfull \hbox (badness 10000) in paragraph at lines 895--896

 []


Overfull \hbox (16.12914pt too wide) in paragraph at lines 915--916
[]\OT1/cmr/m/n/12 IBM Glam-our [][][][][][][][][][][][][][][][][][]. 
 []

[40]
Underfull \hbox (badness 3019) in paragraph at lines 932--935
[]\OT1/cmr/m/n/12 Scalla/xrootd WAN glob-al-iza-tion tools: Where we are Fab-ri
zio Fu-
 []


Overfull \hbox (27.30235pt too wide) in paragraph at lines 952--954
[]\OT1/cmr/m/n/12 DPM com-po-nents [][][][][][][][][][][][][][][][][][][][][] 
 []

[41] (./Doc_DynaFeds.aux) ) 
Here is how much of TeX's memory you used:
 3880 strings out of 494958
 55836 string characters out of 6179212
 141332 words of memory out of 5000000
 7062 multiletter control sequences out of 15000+600000
 10873 words of font info for 38 fonts, out of 8000000 for 9000
 36 hyphenation exceptions out of 8191
 38i,6n,40p,961b,1123s stack positions out of 5000i,500n,10000p,200000b,80000s
</usr/share/texlive/texmf-dist/fonts/type1/public/am
sfonts/cm/cmbx10.pfb></usr/share/texlive/texmf-dist/fonts/type1/public/amsfonts
/cm/cmbx12.pfb></usr/share/texlive/texmf-dist/fonts/type1/public/amsfonts/cm/cm
csc10.pfb></usr/share/texlive/texmf-dist/fonts/type1/public/amsfonts/cm/cmmi12.
pfb></usr/share/texlive/texmf-dist/fonts/type1/public/amsfonts/cm/cmmi8.pfb></u
sr/share/texlive/texmf-dist/fonts/type1/public/amsfonts/cm/cmr10.pfb></usr/shar
e/texlive/texmf-dist/fonts/type1/public/amsfonts/cm/cmr12.pfb></usr/share/texli
ve/texmf-dist/fonts/type1/public/amsfonts/cm/cmsy10.pfb></usr/share/texlive/tex
mf-dist/fonts/type1/public/amsfonts/cm/cmti12.pfb></usr/share/texlive/texmf-dis
t/fonts/type1/public/amsfonts/cm/cmtt10.pfb>
Output written on Doc_DynaFeds.pdf (42 pages, 2426091 bytes).
PDF statistics:
 203 PDF objects out of 1000 (max. 8388607)
 139 compressed objects within 2 object streams
 0 named destinations out of 1000 (max. 500000)
 36 words of extra memory for PDF output out of 10000 (max. 10000000)

